<?xml version="1.0" encoding="UTF-8"?>
<!-- Generated by org.testng.reporters.JUnitReportReporter -->
<testsuite skipped="0" hostname="DESKTOP-RTV45EH" name="qaclickacademy.AppiumTest" tests="2" failures="0" timestamp="14 Mar 2021 17:23:33 GMT" time="0.009" errors="0">
  <testcase name="NativeAPpAndroid" time="0.000" classname="qaclickacademy.AppiumTest"/>
  <testcase name="IOSApps" time="0.009" classname="qaclickacademy.AppiumTest"/>
</testsuite> <!-- qaclickacademy.AppiumTest -->
